2017-08-06 10:12:50,649 [Worker-8] INFO  o.e.m.c.i.p.ProjectConfigurationManager - Collecting project info '/pom.xml' E:\fdemos\demo\demo01\pom.xml
2017-08-06 10:12:55,106 [Worker-8] INFO  o.e.m.c.i.l.LifecycleMappingFactory - Using org.eclipse.m2e.jdt.JarLifecycleMapping lifecycle mapping for MavenProject: org.niit.com:demo01:0.0.1-SNAPSHOT @ E:\fdemos\demo\demo01\pom.xml.
2017-08-06 10:12:57,048 [Worker-8] INFO  o.e.m.j.i.AbstractJavaProjectConfigurator - Adding source folder /demo01/src/main/java
2017-08-06 10:12:57,055 [Worker-8] INFO  o.e.m.j.i.AbstractJavaProjectConfigurator - Adding source folder /demo01/src/test/java
2017-08-06 10:12:59,113 [Worker-8] INFO  o.e.m.c.i.p.ProjectConfigurationManager - Imported and configured 1 project(s) in 8 sec
2017-08-06 10:13:00,504 [Worker-17] INFO  o.e.m.c.i.embedder.EclipseLogger - Using 'UTF-8' encoding to copy filtered resources.
2017-08-06 10:13:00,504 [Worker-17] INFO  o.e.m.c.i.embedder.EclipseLogger - skip non existing resourceDirectory E:\fdemos\demo\demo01\src\main\resources
2017-08-06 10:13:00,506 [Worker-17] INFO  o.e.m.c.i.embedder.EclipseLogger - Using 'UTF-8' encoding to copy filtered resources.
2017-08-06 10:13:00,507 [Worker-17] INFO  o.e.m.c.i.embedder.EclipseLogger - skip non existing resourceDirectory E:\fdemos\demo\demo01\src\test\resources
2017-08-06 10:14:09,229 [Worker-20] INFO  o.e.m.c.i.l.LifecycleMappingFactory - Using org.eclipse.m2e.jdt.JarLifecycleMapping lifecycle mapping for MavenProject: org.niit.com:demo01:0.0.1-SNAPSHOT @ E:\fdemos\demo\demo01\pom.xml.
2017-08-06 10:14:09,520 [Worker-20] INFO  o.e.m.c.i.embedder.EclipseLogger - Using 'UTF-8' encoding to copy filtered resources.
2017-08-06 10:14:09,520 [Worker-20] INFO  o.e.m.c.i.embedder.EclipseLogger - skip non existing resourceDirectory E:\fdemos\demo\demo01\src\main\resources
2017-08-06 10:14:09,522 [Worker-20] INFO  o.e.m.c.i.embedder.EclipseLogger - Using 'UTF-8' encoding to copy filtered resources.
2017-08-06 10:14:09,522 [Worker-20] INFO  o.e.m.c.i.embedder.EclipseLogger - skip non existing resourceDirectory E:\fdemos\demo\demo01\src\test\resources
2017-08-06 10:14:10,819 [Worker-21] INFO  o.e.m.c.i.embedder.EclipseLogger - Using 'UTF-8' encoding to copy filtered resources.
2017-08-06 10:14:10,820 [Worker-21] INFO  o.e.m.c.i.embedder.EclipseLogger - skip non existing resourceDirectory E:\fdemos\demo\demo01\src\main\resources
2017-08-06 10:14:10,821 [Worker-21] INFO  o.e.m.c.i.embedder.EclipseLogger - Using 'UTF-8' encoding to copy filtered resources.
2017-08-06 10:14:10,821 [Worker-21] INFO  o.e.m.c.i.embedder.EclipseLogger - skip non existing resourceDirectory E:\fdemos\demo\demo01\src\test\resources
2017-08-06 10:14:33,479 [Worker-18] INFO  o.e.m.c.i.l.LifecycleMappingFactory - Using org.eclipse.m2e.jdt.JarLifecycleMapping lifecycle mapping for MavenProject: org.niit.com:demo01:0.0.1-SNAPSHOT @ E:\fdemos\demo\demo01\pom.xml.
2017-08-06 10:14:33,587 [Worker-18] INFO  o.e.m.c.i.embedder.EclipseLogger - Using 'UTF-8' encoding to copy filtered resources.
2017-08-06 10:14:33,587 [Worker-18] INFO  o.e.m.c.i.embedder.EclipseLogger - skip non existing resourceDirectory E:\fdemos\demo\demo01\src\main\resources
2017-08-06 10:14:33,589 [Worker-18] INFO  o.e.m.c.i.embedder.EclipseLogger - Using 'UTF-8' encoding to copy filtered resources.
2017-08-06 10:14:33,589 [Worker-18] INFO  o.e.m.c.i.embedder.EclipseLogger - skip non existing resourceDirectory E:\fdemos\demo\demo01\src\test\resources
2017-08-06 10:14:34,858 [Worker-17] INFO  o.e.m.c.i.embedder.EclipseLogger - Using 'UTF-8' encoding to copy filtered resources.
2017-08-06 10:14:34,858 [Worker-17] INFO  o.e.m.c.i.embedder.EclipseLogger - skip non existing resourceDirectory E:\fdemos\demo\demo01\src\main\resources
2017-08-06 10:14:34,859 [Worker-17] INFO  o.e.m.c.i.embedder.EclipseLogger - Using 'UTF-8' encoding to copy filtered resources.
2017-08-06 10:14:34,859 [Worker-17] INFO  o.e.m.c.i.embedder.EclipseLogger - skip non existing resourceDirectory E:\fdemos\demo\demo01\src\test\resources
2017-08-06 10:26:59,952 [Worker-32] INFO  o.e.m.c.i.l.LifecycleMappingFactory - Using org.eclipse.m2e.jdt.JarLifecycleMapping lifecycle mapping for MavenProject: org.niit.com:demo01:0.0.1-SNAPSHOT @ E:\fdemos\demo\demo01\pom.xml.
2017-08-06 10:27:00,074 [Worker-32] INFO  o.e.m.c.i.embedder.EclipseLogger - Using 'UTF-8' encoding to copy filtered resources.
2017-08-06 10:27:00,074 [Worker-32] INFO  o.e.m.c.i.embedder.EclipseLogger - skip non existing resourceDirectory E:\fdemos\demo\demo01\src\main\resources
2017-08-06 10:27:00,075 [Worker-32] INFO  o.e.m.c.i.embedder.EclipseLogger - Using 'UTF-8' encoding to copy filtered resources.
2017-08-06 10:27:00,075 [Worker-32] INFO  o.e.m.c.i.embedder.EclipseLogger - skip non existing resourceDirectory E:\fdemos\demo\demo01\src\test\resources
2017-08-06 10:27:01,355 [Worker-30] INFO  o.e.m.c.i.embedder.EclipseLogger - Using 'UTF-8' encoding to copy filtered resources.
2017-08-06 10:27:01,355 [Worker-30] INFO  o.e.m.c.i.embedder.EclipseLogger - skip non existing resourceDirectory E:\fdemos\demo\demo01\src\main\resources
2017-08-06 10:27:01,356 [Worker-30] INFO  o.e.m.c.i.embedder.EclipseLogger - Using 'UTF-8' encoding to copy filtered resources.
2017-08-06 10:27:01,356 [Worker-30] INFO  o.e.m.c.i.embedder.EclipseLogger - skip non existing resourceDirectory E:\fdemos\demo\demo01\src\test\resources
2017-08-06 10:27:13,595 [Worker-29] INFO  o.e.m.c.i.p.ProjectConfigurationManager - Update started
2017-08-06 10:27:14,201 [Worker-29] INFO  o.e.m.c.i.l.LifecycleMappingFactory - Using org.eclipse.m2e.jdt.JarLifecycleMapping lifecycle mapping for MavenProject: org.niit.com:demo01:0.0.1-SNAPSHOT @ E:\fdemos\demo\demo01\pom.xml.
2017-08-06 10:27:14,328 [Worker-29] INFO  o.e.m.j.i.AbstractJavaProjectConfigurator - Adding source folder /demo01/src/main/java
2017-08-06 10:27:14,328 [Worker-29] INFO  o.e.m.j.i.AbstractJavaProjectConfigurator - Adding source folder /demo01/src/test/java
2017-08-06 10:27:14,522 [Worker-29] INFO  o.e.m.c.i.p.ProjectConfigurationManager - Update completed: 0 sec
2017-08-06 10:27:14,731 [Worker-30] INFO  o.e.m.c.i.embedder.EclipseLogger - Using 'UTF-8' encoding to copy filtered resources.
2017-08-06 10:27:14,731 [Worker-30] INFO  o.e.m.c.i.embedder.EclipseLogger - skip non existing resourceDirectory E:\fdemos\demo\demo01\src\main\resources
2017-08-06 10:27:14,733 [Worker-30] INFO  o.e.m.c.i.embedder.EclipseLogger - Using 'UTF-8' encoding to copy filtered resources.
2017-08-06 10:27:14,733 [Worker-30] INFO  o.e.m.c.i.embedder.EclipseLogger - skip non existing resourceDirectory E:\fdemos\demo\demo01\src\test\resources
2017-08-06 10:28:44,998 [Worker-35] INFO  o.e.m.c.i.embedder.EclipseLogger - Using 'UTF-8' encoding to copy filtered resources.
2017-08-06 10:28:44,999 [Worker-35] INFO  o.e.m.c.i.embedder.EclipseLogger - skip non existing resourceDirectory E:\fdemos\demo\demo01\src\main\resources
2017-08-06 10:28:44,999 [Worker-35] INFO  o.e.m.c.i.embedder.EclipseLogger - Using 'UTF-8' encoding to copy filtered resources.
2017-08-06 10:28:45,000 [Worker-35] INFO  o.e.m.c.i.embedder.EclipseLogger - skip non existing resourceDirectory E:\fdemos\demo\demo01\src\test\resources
2017-08-06 10:29:13,294 [Worker-30] INFO  o.e.m.c.i.embedder.EclipseLogger - Using 'UTF-8' encoding to copy filtered resources.
2017-08-06 10:29:13,295 [Worker-30] INFO  o.e.m.c.i.embedder.EclipseLogger - skip non existing resourceDirectory E:\fdemos\demo\demo01\src\main\resources
2017-08-06 10:29:13,295 [Worker-30] INFO  o.e.m.c.i.embedder.EclipseLogger - Using 'UTF-8' encoding to copy filtered resources.
2017-08-06 10:29:13,296 [Worker-30] INFO  o.e.m.c.i.embedder.EclipseLogger - skip non existing resourceDirectory E:\fdemos\demo\demo01\src\test\resources
2017-08-06 10:29:35,818 [Worker-32] INFO  o.e.m.c.i.embedder.EclipseLogger - Using 'UTF-8' encoding to copy filtered resources.
2017-08-06 10:29:35,819 [Worker-32] INFO  o.e.m.c.i.embedder.EclipseLogger - skip non existing resourceDirectory E:\fdemos\demo\demo01\src\main\resources
2017-08-06 10:29:35,821 [Worker-32] INFO  o.e.m.c.i.embedder.EclipseLogger - Using 'UTF-8' encoding to copy filtered resources.
2017-08-06 10:29:35,821 [Worker-32] INFO  o.e.m.c.i.embedder.EclipseLogger - skip non existing resourceDirectory E:\fdemos\demo\demo01\src\test\resources
2017-08-06 10:30:12,772 [Worker-37] INFO  o.e.m.c.i.embedder.EclipseLogger - Using 'UTF-8' encoding to copy filtered resources.
2017-08-06 10:30:12,773 [Worker-37] INFO  o.e.m.c.i.embedder.EclipseLogger - skip non existing resourceDirectory E:\fdemos\demo\demo01\src\main\resources
2017-08-06 10:30:12,773 [Worker-37] INFO  o.e.m.c.i.embedder.EclipseLogger - Using 'UTF-8' encoding to copy filtered resources.
2017-08-06 10:30:12,773 [Worker-37] INFO  o.e.m.c.i.embedder.EclipseLogger - skip non existing resourceDirectory E:\fdemos\demo\demo01\src\test\resources
2017-08-06 10:30:54,095 [Worker-29] INFO  o.e.m.c.i.embedder.EclipseLogger - Using 'UTF-8' encoding to copy filtered resources.
2017-08-06 10:30:54,096 [Worker-29] INFO  o.e.m.c.i.embedder.EclipseLogger - skip non existing resourceDirectory E:\fdemos\demo\demo01\src\main\resources
2017-08-06 10:30:54,098 [Worker-29] INFO  o.e.m.c.i.embedder.EclipseLogger - Using 'UTF-8' encoding to copy filtered resources.
2017-08-06 10:30:54,098 [Worker-29] INFO  o.e.m.c.i.embedder.EclipseLogger - skip non existing resourceDirectory E:\fdemos\demo\demo01\src\test\resources
2017-08-06 10:31:26,301 [Worker-30] INFO  o.e.m.c.i.embedder.EclipseLogger - Using 'UTF-8' encoding to copy filtered resources.
2017-08-06 10:31:26,301 [Worker-30] INFO  o.e.m.c.i.embedder.EclipseLogger - skip non existing resourceDirectory E:\fdemos\demo\demo01\src\main\resources
2017-08-06 10:31:26,302 [Worker-30] INFO  o.e.m.c.i.embedder.EclipseLogger - Using 'UTF-8' encoding to copy filtered resources.
2017-08-06 10:31:26,302 [Worker-30] INFO  o.e.m.c.i.embedder.EclipseLogger - skip non existing resourceDirectory E:\fdemos\demo\demo01\src\test\resources
2017-08-06 10:33:05,147 [Worker-30] INFO  o.e.m.c.i.embedder.EclipseLogger - Using 'UTF-8' encoding to copy filtered resources.
2017-08-06 10:33:05,147 [Worker-30] INFO  o.e.m.c.i.embedder.EclipseLogger - skip non existing resourceDirectory E:\fdemos\demo\demo01\src\main\resources
2017-08-06 10:33:05,150 [Worker-30] INFO  o.e.m.c.i.embedder.EclipseLogger - Using 'UTF-8' encoding to copy filtered resources.
2017-08-06 10:33:05,150 [Worker-30] INFO  o.e.m.c.i.embedder.EclipseLogger - skip non existing resourceDirectory E:\fdemos\demo\demo01\src\test\resources
2017-08-06 10:34:40,634 [Worker-37] INFO  o.e.m.c.i.embedder.EclipseLogger - Using 'UTF-8' encoding to copy filtered resources.
2017-08-06 10:34:40,635 [Worker-37] INFO  o.e.m.c.i.embedder.EclipseLogger - skip non existing resourceDirectory E:\fdemos\demo\demo01\src\main\resources
2017-08-06 10:34:40,636 [Worker-37] INFO  o.e.m.c.i.embedder.EclipseLogger - Using 'UTF-8' encoding to copy filtered resources.
2017-08-06 10:34:40,637 [Worker-37] INFO  o.e.m.c.i.embedder.EclipseLogger - skip non existing resourceDirectory E:\fdemos\demo\demo01\src\test\resources
2017-08-06 10:37:58,762 [Worker-34] INFO  o.e.m.c.i.embedder.EclipseLogger - Using 'UTF-8' encoding to copy filtered resources.
2017-08-06 10:37:58,762 [Worker-34] INFO  o.e.m.c.i.embedder.EclipseLogger - skip non existing resourceDirectory E:\fdemos\demo\demo01\src\main\resources
2017-08-06 10:37:58,763 [Worker-34] INFO  o.e.m.c.i.embedder.EclipseLogger - Using 'UTF-8' encoding to copy filtered resources.
2017-08-06 10:37:58,764 [Worker-34] INFO  o.e.m.c.i.embedder.EclipseLogger - skip non existing resourceDirectory E:\fdemos\demo\demo01\src\test\resources
2017-08-06 10:38:37,832 [Worker-38] INFO  o.e.m.c.i.embedder.EclipseLogger - Using 'UTF-8' encoding to copy filtered resources.
2017-08-06 10:38:37,832 [Worker-38] INFO  o.e.m.c.i.embedder.EclipseLogger - skip non existing resourceDirectory E:\fdemos\demo\demo01\src\main\resources
2017-08-06 10:38:37,833 [Worker-38] INFO  o.e.m.c.i.embedder.EclipseLogger - Using 'UTF-8' encoding to copy filtered resources.
2017-08-06 10:38:37,833 [Worker-38] INFO  o.e.m.c.i.embedder.EclipseLogger - skip non existing resourceDirectory E:\fdemos\demo\demo01\src\test\resources
2017-08-06 10:40:47,603 [Worker-32] INFO  o.e.m.c.i.embedder.EclipseLogger - Using 'UTF-8' encoding to copy filtered resources.
2017-08-06 10:40:47,604 [Worker-32] INFO  o.e.m.c.i.embedder.EclipseLogger - skip non existing resourceDirectory E:\fdemos\demo\demo01\src\main\resources
2017-08-06 10:40:47,605 [Worker-32] INFO  o.e.m.c.i.embedder.EclipseLogger - Using 'UTF-8' encoding to copy filtered resources.
2017-08-06 10:40:47,605 [Worker-32] INFO  o.e.m.c.i.embedder.EclipseLogger - skip non existing resourceDirectory E:\fdemos\demo\demo01\src\test\resources
2017-08-06 10:40:51,180 [Worker-41] INFO  o.e.m.c.i.embedder.EclipseLogger - Using 'UTF-8' encoding to copy filtered resources.
2017-08-06 10:40:51,180 [Worker-41] INFO  o.e.m.c.i.embedder.EclipseLogger - skip non existing resourceDirectory E:\fdemos\demo\demo01\src\main\resources
2017-08-06 10:40:51,182 [Worker-41] INFO  o.e.m.c.i.embedder.EclipseLogger - Using 'UTF-8' encoding to copy filtered resources.
2017-08-06 10:40:51,182 [Worker-41] INFO  o.e.m.c.i.embedder.EclipseLogger - skip non existing resourceDirectory E:\fdemos\demo\demo01\src\test\resources
2017-08-06 10:41:00,317 [Worker-40] INFO  o.e.m.c.i.embedder.EclipseLogger - Using 'UTF-8' encoding to copy filtered resources.
2017-08-06 10:41:00,317 [Worker-40] INFO  o.e.m.c.i.embedder.EclipseLogger - skip non existing resourceDirectory E:\fdemos\demo\demo01\src\main\resources
2017-08-06 10:41:00,318 [Worker-40] INFO  o.e.m.c.i.embedder.EclipseLogger - Using 'UTF-8' encoding to copy filtered resources.
2017-08-06 10:41:00,318 [Worker-40] INFO  o.e.m.c.i.embedder.EclipseLogger - skip non existing resourceDirectory E:\fdemos\demo\demo01\src\test\resources
2017-08-06 10:41:24,894 [Worker-34] INFO  o.e.m.c.i.embedder.EclipseLogger - Using 'UTF-8' encoding to copy filtered resources.
2017-08-06 10:41:24,894 [Worker-34] INFO  o.e.m.c.i.embedder.EclipseLogger - skip non existing resourceDirectory E:\fdemos\demo\demo01\src\main\resources
2017-08-06 10:41:24,896 [Worker-34] INFO  o.e.m.c.i.embedder.EclipseLogger - Using 'UTF-8' encoding to copy filtered resources.
2017-08-06 10:41:24,896 [Worker-34] INFO  o.e.m.c.i.embedder.EclipseLogger - skip non existing resourceDirectory E:\fdemos\demo\demo01\src\test\resources
2017-08-06 10:42:13,245 [Worker-29] INFO  o.e.m.c.i.embedder.EclipseLogger - Using 'UTF-8' encoding to copy filtered resources.
2017-08-06 10:42:13,245 [Worker-29] INFO  o.e.m.c.i.embedder.EclipseLogger - skip non existing resourceDirectory E:\fdemos\demo\demo01\src\main\resources
2017-08-06 10:42:13,246 [Worker-29] INFO  o.e.m.c.i.embedder.EclipseLogger - Using 'UTF-8' encoding to copy filtered resources.
2017-08-06 10:42:13,246 [Worker-29] INFO  o.e.m.c.i.embedder.EclipseLogger - skip non existing resourceDirectory E:\fdemos\demo\demo01\src\test\resources
